<?xml version="1.0" encoding="UTF-8"?>
<coverage generated="1610650334825" clover="3.2.0">
  <project timestamp="1610650334825" name="All files">
    <metrics statements="11" coveredstatements="9" conditionals="2" coveredconditionals="0" methods="3" coveredmethods="3" elements="16" coveredelements="12" complexity="0" loc="11" ncloc="11" packages="2" files="2" classes="2"/>
    <package name="js">
      <metrics statements="3" coveredstatements="3" conditionals="0" coveredconditionals="0" methods="1" coveredmethods="1"/>
      <file name="templateProcessor.js" path="E:\KPI\OKR\okr_lab5\js\templateProcessor.js">
        <metrics statements="3" coveredstatements="3" conditionals="0" coveredconditionals="0" methods="1" coveredmethods="1"/>
        <line num="5" count="1" type="stmt"/>
        <line num="6" count="1" type="stmt"/>
        <line num="7" count="1" type="stmt"/>
      </file>
    </package>
    <package name="js.views">
      <metrics statements="8" coveredstatements="6" conditionals="2" coveredconditionals="0" methods="2" coveredmethods="2"/>
      <file name="offerPage.js" path="E:\KPI\OKR\okr_lab5\js\views\offerPage.js">
        <metrics statements="8" coveredstatements="6" conditionals="2" coveredconditionals="0" methods="2" coveredmethods="2"/>
        <line num="1" count="1" type="stmt"/>
        <line num="3" count="1" type="stmt"/>
        <line num="5" count="1" type="stmt"/>
        <line num="7" count="0" type="cond" truecount="0" falsecount="2"/>
        <line num="11" count="1" type="stmt"/>
        <line num="13" count="1" type="stmt"/>
        <line num="16" count="1" type="stmt"/>
        <line num="29" count="0" type="stmt"/>
      </file>
    </package>
  </project>
</coverage>
