{"E:\\KPI\\OKR\\okr_lab5\\js\\interaction.js": {"path":"E:\\KPI\\OKR\\okr_lab5\\js\\interaction.js","statementMap":{"0":{"start":{"line":1,"column":18},"end":{"line":8,"column":1}},"1":{"start":{"line":3,"column":17},"end":{"line":3,"column":53}},"2":{"start":{"line":5,"column":4},"end":{"line":7,"column":37}},"3":{"start":{"line":6,"column":8},"end":{"line":6,"column":36}},"4":{"start":{"line":7,"column":12},"end":{"line":7,"column":37}},"5":{"start":{"line":10,"column":13},"end":{"line":13,"column":1}},"6":{"start":{"line":12,"column":4},"end":{"line":12,"column":43}},"7":{"start":{"line":15,"column":17},"end":{"line":15,"column":18}},"8":{"start":{"line":17,"column":22},"end":{"line":20,"column":1}},"9":{"start":{"line":19,"column":4},"end":{"line":19,"column":22}},"10":{"start":{"line":22,"column":18},"end":{"line":25,"column":1}},"11":{"start":{"line":24,"column":4},"end":{"line":24,"column":32}},"12":{"start":{"line":27,"column":17},"end":{"line":30,"column":1}},"13":{"start":{"line":29,"column":4},"end":{"line":29,"column":31}},"14":{"start":{"line":32,"column":19},"end":{"line":49,"column":1}},"15":{"start":{"line":34,"column":17},"end":{"line":34,"column":57}},"16":{"start":{"line":35,"column":15},"end":{"line":35,"column":53}},"17":{"start":{"line":37,"column":4},"end":{"line":38,"column":23}},"18":{"start":{"line":38,"column":8},"end":{"line":38,"column":23}},"19":{"start":{"line":39,"column":4},"end":{"line":40,"column":37}},"20":{"start":{"line":40,"column":8},"end":{"line":40,"column":37}},"21":{"start":{"line":42,"column":4},"end":{"line":43,"column":41}},"22":{"start":{"line":42,"column":17},"end":{"line":42,"column":18}},"23":{"start":{"line":43,"column":8},"end":{"line":43,"column":41}},"24":{"start":{"line":44,"column":4},"end":{"line":45,"column":69}},"25":{"start":{"line":44,"column":17},"end":{"line":44,"column":18}},"26":{"start":{"line":45,"column":8},"end":{"line":45,"column":69}},"27":{"start":{"line":47,"column":4},"end":{"line":47,"column":47}},"28":{"start":{"line":48,"column":4},"end":{"line":48,"column":44}}},"fnMap":{"0":{"name":"(anonymous_0)","decl":{"start":{"line":1,"column":18},"end":{"line":1,"column":19}},"loc":{"start":{"line":2,"column":0},"end":{"line":8,"column":1}},"line":2},"1":{"name":"(anonymous_1)","decl":{"start":{"line":10,"column":13},"end":{"line":10,"column":14}},"loc":{"start":{"line":11,"column":0},"end":{"line":13,"column":1}},"line":11},"2":{"name":"(anonymous_2)","decl":{"start":{"line":17,"column":22},"end":{"line":17,"column":23}},"loc":{"start":{"line":18,"column":0},"end":{"line":20,"column":1}},"line":18},"3":{"name":"(anonymous_3)","decl":{"start":{"line":22,"column":18},"end":{"line":22,"column":19}},"loc":{"start":{"line":23,"column":0},"end":{"line":25,"column":1}},"line":23},"4":{"name":"(anonymous_4)","decl":{"start":{"line":27,"column":17},"end":{"line":27,"column":18}},"loc":{"start":{"line":28,"column":0},"end":{"line":30,"column":1}},"line":28},"5":{"name":"(anonymous_5)","decl":{"start":{"line":32,"column":19},"end":{"line":32,"column":20}},"loc":{"start":{"line":33,"column":0},"end":{"line":49,"column":1}},"line":33}},"branchMap":{"0":{"loc":{"start":{"line":5,"column":4},"end":{"line":7,"column":37}},"type":"if","locations":[{"start":{"line":5,"column":4},"end":{"line":7,"column":37}},{"start":{"line":5,"column":4},"end":{"line":7,"column":37}}],"line":5},"1":{"loc":{"start":{"line":37,"column":4},"end":{"line":38,"column":23}},"type":"if","locations":[{"start":{"line":37,"column":4},"end":{"line":38,"column":23}},{"start":{"line":37,"column":4},"end":{"line":38,"column":23}}],"line":37},"2":{"loc":{"start":{"line":39,"column":4},"end":{"line":40,"column":37}},"type":"if","locations":[{"start":{"line":39,"column":4},"end":{"line":40,"column":37}},{"start":{"line":39,"column":4},"end":{"line":40,"column":37}}],"line":39}},"s":{"0":1,"1":0,"2":0,"3":0,"4":0,"5":1,"6":0,"7":1,"8":1,"9":6,"10":1,"11":1,"12":1,"13":1,"14":1,"15":5,"16":5,"17":5,"18":1,"19":5,"20":1,"21":5,"22":5,"23":15,"24":5,"25":5,"26":15,"27":5,"28":5},"f":{"0":0,"1":0,"2":6,"3":1,"4":1,"5":5},"b":{"0":[0,0],"1":[1,4],"2":[1,4]},"_coverageSchema":"1a1c01bbd47fc00a2c39e90264f33305004495a9","hash":"5dd4de6ca178128ecfe7632500b677a3b7c82d0c"}
,"E:\\KPI\\OKR\\okr_lab5\\js\\router.js": {"path":"E:\\KPI\\OKR\\okr_lab5\\js\\router.js","statementMap":{"0":{"start":{"line":5,"column":23},"end":{"line":5,"column":25}},"1":{"start":{"line":6,"column":27},"end":{"line":6,"column":29}},"2":{"start":{"line":8,"column":26},"end":{"line":8,"column":60}},"3":{"start":{"line":9,"column":8},"end":{"line":9,"column":44}},"4":{"start":{"line":9,"column":26},"end":{"line":9,"column":44}},"5":{"start":{"line":10,"column":8},"end":{"line":10,"column":79}},"6":{"start":{"line":10,"column":39},"end":{"line":10,"column":79}},"7":{"start":{"line":12,"column":8},"end":{"line":44,"column":9}},"8":{"start":{"line":15,"column":12},"end":{"line":15,"column":35}},"9":{"start":{"line":16,"column":12},"end":{"line":16,"column":36}},"10":{"start":{"line":17,"column":12},"end":{"line":17,"column":18}},"11":{"start":{"line":20,"column":12},"end":{"line":20,"column":37}},"12":{"start":{"line":21,"column":12},"end":{"line":21,"column":37}},"13":{"start":{"line":22,"column":12},"end":{"line":22,"column":18}},"14":{"start":{"line":25,"column":12},"end":{"line":25,"column":37}},"15":{"start":{"line":26,"column":12},"end":{"line":26,"column":37}},"16":{"start":{"line":27,"column":12},"end":{"line":27,"column":18}},"17":{"start":{"line":30,"column":12},"end":{"line":30,"column":34}},"18":{"start":{"line":31,"column":12},"end":{"line":31,"column":37}},"19":{"start":{"line":32,"column":12},"end":{"line":32,"column":18}},"20":{"start":{"line":35,"column":12},"end":{"line":35,"column":35}},"21":{"start":{"line":36,"column":12},"end":{"line":36,"column":30}},"22":{"start":{"line":37,"column":12},"end":{"line":37,"column":18}},"23":{"start":{"line":40,"column":12},"end":{"line":40,"column":34}},"24":{"start":{"line":41,"column":12},"end":{"line":41,"column":32}},"25":{"start":{"line":42,"column":12},"end":{"line":42,"column":39}},"26":{"start":{"line":43,"column":12},"end":{"line":43,"column":18}},"27":{"start":{"line":46,"column":8},"end":{"line":49,"column":10}}},"fnMap":{"0":{"name":"(anonymous_0)","decl":{"start":{"line":3,"column":4},"end":{"line":3,"column":5}},"loc":{"start":{"line":4,"column":4},"end":{"line":50,"column":5}},"line":4}},"branchMap":{"0":{"loc":{"start":{"line":9,"column":8},"end":{"line":9,"column":44}},"type":"if","locations":[{"start":{"line":9,"column":8},"end":{"line":9,"column":44}},{"start":{"line":9,"column":8},"end":{"line":9,"column":44}}],"line":9},"1":{"loc":{"start":{"line":10,"column":8},"end":{"line":10,"column":79}},"type":"if","locations":[{"start":{"line":10,"column":8},"end":{"line":10,"column":79}},{"start":{"line":10,"column":8},"end":{"line":10,"column":79}}],"line":10},"2":{"loc":{"start":{"line":12,"column":8},"end":{"line":44,"column":9}},"type":"switch","locations":[{"start":{"line":14,"column":8},"end":{"line":17,"column":18}},{"start":{"line":19,"column":8},"end":{"line":22,"column":18}},{"start":{"line":24,"column":8},"end":{"line":27,"column":18}},{"start":{"line":29,"column":8},"end":{"line":32,"column":18}},{"start":{"line":34,"column":8},"end":{"line":37,"column":18}},{"start":{"line":39,"column":8},"end":{"line":43,"column":18}}],"line":12}},"s":{"0":6,"1":6,"2":6,"3":6,"4":0,"5":6,"6":0,"7":6,"8":1,"9":1,"10":1,"11":1,"12":1,"13":1,"14":1,"15":1,"16":1,"17":1,"18":1,"19":1,"20":1,"21":1,"22":1,"23":1,"24":1,"25":1,"26":1,"27":6},"f":{"0":6},"b":{"0":[0,6],"1":[0,6],"2":[1,1,1,1,1,1]},"_coverageSchema":"1a1c01bbd47fc00a2c39e90264f33305004495a9","hash":"ba6efa5de6f35b8b5a0862ddda205d33737e9dc7"}
,"E:\\KPI\\OKR\\okr_lab5\\js\\templateProcessor.js": {"path":"E:\\KPI\\OKR\\okr_lab5\\js\\templateProcessor.js","statementMap":{"0":{"start":{"line":5,"column":25},"end":{"line":5,"column":66}},"1":{"start":{"line":6,"column":8},"end":{"line":6,"column":34}},"2":{"start":{"line":7,"column":8},"end":{"line":7,"column":29}}},"fnMap":{"0":{"name":"(anonymous_0)","decl":{"start":{"line":3,"column":4},"end":{"line":3,"column":5}},"loc":{"start":{"line":4,"column":4},"end":{"line":8,"column":5}},"line":4}},"branchMap":{},"s":{"0":1,"1":1,"2":1},"f":{"0":1},"b":{},"_coverageSchema":"1a1c01bbd47fc00a2c39e90264f33305004495a9","hash":"4aea0023419223ab21240f3b5ffa69a38bf14b62"}
,"E:\\KPI\\OKR\\okr_lab5\\js\\views\\offerPage.js": {"path":"E:\\KPI\\OKR\\okr_lab5\\js\\views\\offerPage.js","statementMap":{"0":{"start":{"line":1,"column":18},"end":{"line":9,"column":1}},"1":{"start":{"line":3,"column":17},"end":{"line":3,"column":51}},"2":{"start":{"line":5,"column":4},"end":{"line":8,"column":5}},"3":{"start":{"line":5,"column":17},"end":{"line":5,"column":18}},"4":{"start":{"line":7,"column":8},"end":{"line":7,"column":57}},"5":{"start":{"line":7,"column":40},"end":{"line":7,"column":57}},"6":{"start":{"line":11,"column":13},"end":{"line":30,"column":1}},"7":{"start":{"line":13,"column":15},"end":{"line":13,"column":32}},"8":{"start":{"line":16,"column":4},"end":{"line":27,"column":5}},"9":{"start":{"line":29,"column":4},"end":{"line":29,"column":21}}},"fnMap":{"0":{"name":"(anonymous_0)","decl":{"start":{"line":1,"column":18},"end":{"line":1,"column":19}},"loc":{"start":{"line":2,"column":0},"end":{"line":9,"column":1}},"line":2},"1":{"name":"(anonymous_1)","decl":{"start":{"line":11,"column":13},"end":{"line":11,"column":14}},"loc":{"start":{"line":12,"column":0},"end":{"line":30,"column":1}},"line":12}},"branchMap":{"0":{"loc":{"start":{"line":7,"column":8},"end":{"line":7,"column":57}},"type":"if","locations":[{"start":{"line":7,"column":8},"end":{"line":7,"column":57}},{"start":{"line":7,"column":8},"end":{"line":7,"column":57}}],"line":7}},"s":{"0":1,"1":1,"2":1,"3":1,"4":1,"5":1,"6":1,"7":1,"8":1,"9":1},"f":{"0":1,"1":1},"b":{"0":[1,0]},"_coverageSchema":"1a1c01bbd47fc00a2c39e90264f33305004495a9","hash":"a104d178202085310bbb938bad3f8362f79239d7"}
,"E:\\KPI\\OKR\\okr_lab5\\js\\views\\orderPage.js": {"path":"E:\\KPI\\OKR\\okr_lab5\\js\\views\\orderPage.js","statementMap":{"0":{"start":{"line":1,"column":13},"end":{"line":44,"column":1}},"1":{"start":{"line":3,"column":21},"end":{"line":3,"column":67}},"2":{"start":{"line":6,"column":4},"end":{"line":41,"column":5}},"3":{"start":{"line":43,"column":4},"end":{"line":43,"column":21}}},"fnMap":{"0":{"name":"(anonymous_0)","decl":{"start":{"line":1,"column":13},"end":{"line":1,"column":14}},"loc":{"start":{"line":2,"column":0},"end":{"line":44,"column":1}},"line":2}},"branchMap":{},"s":{"0":1,"1":2,"2":2,"3":2},"f":{"0":2},"b":{},"_coverageSchema":"1a1c01bbd47fc00a2c39e90264f33305004495a9","hash":"4759162a7b0358c6453bc2a049740e90e887ef14"}
}
