TN:
SF:js\interaction.js
FN:1,(anonymous_0)
FN:10,(anonymous_1)
FN:17,(anonymous_2)
FN:22,(anonymous_3)
FN:27,(anonymous_4)
FN:32,(anonymous_5)
FNF:6
FNH:4
FNDA:0,(anonymous_0)
FNDA:0,(anonymous_1)
FNDA:6,(anonymous_2)
FNDA:1,(anonymous_3)
FNDA:1,(anonymous_4)
FNDA:5,(anonymous_5)
DA:1,1
DA:3,0
DA:5,0
DA:6,0
DA:7,0
DA:10,1
DA:12,0
DA:15,1
DA:17,1
DA:19,6
DA:22,1
DA:24,1
DA:27,1
DA:29,1
DA:32,1
DA:34,5
DA:35,5
DA:37,5
DA:38,1
DA:39,5
DA:40,1
DA:42,5
DA:43,15
DA:44,5
DA:45,15
DA:47,5
DA:48,5
LF:27
LH:22
BRDA:5,0,0,0
BRDA:5,0,1,0
BRDA:37,1,0,1
BRDA:37,1,1,4
BRDA:39,2,0,1
BRDA:39,2,1,4
BRF:6
BRH:4
end_of_record
TN:
SF:js\router.js
FN:3,(anonymous_0)
FNF:1
FNH:1
FNDA:6,(anonymous_0)
DA:5,6
DA:6,6
DA:8,6
DA:9,6
DA:10,6
DA:12,6
DA:15,1
DA:16,1
DA:17,1
DA:20,1
DA:21,1
DA:22,1
DA:25,1
DA:26,1
DA:27,1
DA:30,1
DA:31,1
DA:32,1
DA:35,1
DA:36,1
DA:37,1
DA:40,1
DA:41,1
DA:42,1
DA:43,1
DA:46,6
LF:26
LH:26
BRDA:9,0,0,0
BRDA:9,0,1,6
BRDA:10,1,0,0
BRDA:10,1,1,6
BRDA:12,2,0,1
BRDA:12,2,1,1
BRDA:12,2,2,1
BRDA:12,2,3,1
BRDA:12,2,4,1
BRDA:12,2,5,1
BRF:10
BRH:8
end_of_record
TN:
SF:js\templateProcessor.js
FN:3,(anonymous_0)
FNF:1
FNH:1
FNDA:1,(anonymous_0)
DA:5,1
DA:6,1
DA:7,1
LF:3
LH:3
BRF:0
BRH:0
end_of_record
TN:
SF:js\views\offerPage.js
FN:1,(anonymous_0)
FN:11,(anonymous_1)
FNF:2
FNH:2
FNDA:1,(anonymous_0)
FNDA:1,(anonymous_1)
DA:1,1
DA:3,1
DA:5,1
DA:7,1
DA:11,1
DA:13,1
DA:16,1
DA:29,1
LF:8
LH:8
BRDA:7,0,0,1
BRDA:7,0,1,0
BRF:2
BRH:1
end_of_record
TN:
SF:js\views\orderPage.js
FN:1,(anonymous_0)
FNF:1
FNH:1
FNDA:2,(anonymous_0)
DA:1,1
DA:3,2
DA:6,2
DA:43,2
LF:4
LH:4
BRF:0
BRH:0
end_of_record
